
**** Build of configuration UCD3138A for project UCD3138_IBC ****

"D:\\APP\\CCS\\ccs\\utils\\bin\\gmake" -k all 
 
Building file: "../main.c"
Invoking: ARM Compiler
"D:/APP/CCS/ccs/tools/compiler/ti-cgt-arm_5.2.9/bin/armcl" -mv4 --code_state=16 --abi=ti_arm9_abi -O2 --include_path="D:/Workspace/Power/5.Code/6-PMP-LLC/Firmware/Device/UCD3138A/Header" --include_path="D:/Workspace/Power/5.Code/6-PMP-LLC/Firmware/LLC/LLC_HB/APP/Defintion" --include_path="D:/Workspace/Power/5.Code/6-PMP-LLC/Firmware/LLC/LLC_HB/APP/Handler_functions" --include_path="D:/Workspace/Power/5.Code/6-PMP-LLC/Firmware/LLC/LLC_HB/APP/Interrupt" --include_path="D:/Workspace/Power/5.Code/6-PMP-LLC/Firmware/LLC/LLC_HB/APP/Pmbus" --include_path="D:/Workspace/Power/5.Code/6-PMP-LLC/Firmware/Driver/Pmbus" --include_path="D:/Workspace/Power/5.Code/6-PMP-LLC/Firmware/LLC/LLC_HB/" --include_path="D:/APP/CCS/ccs/tools/compiler/ti-cgt-arm_5.2.9/include" -g --preproc_with_comment --preproc_with_compile --define=UCD3138A=1 --diag_warning=225 --display_error_number -k --pp_directory="D:/Workspace/Power/5.Code/6-PMP-LLC/Firmware/LLC/LLC_HB/UCD3138A"  "../main.c"
Finished building: "../main.c"
 
Building file: "../APP/Defintion/cyclone_global_variables_defs.c"
Invoking: ARM Compiler
"D:/APP/CCS/ccs/tools/compiler/ti-cgt-arm_5.2.9/bin/armcl" -mv4 --code_state=16 --abi=ti_arm9_abi -O2 --include_path="D:/Workspace/Power/5.Code/6-PMP-LLC/Firmware/Device/UCD3138A/Header" --include_path="D:/Workspace/Power/5.Code/6-PMP-LLC/Firmware/LLC/LLC_HB/APP/Defintion" --include_path="D:/Workspace/Power/5.Code/6-PMP-LLC/Firmware/LLC/LLC_HB/APP/Handler_functions" --include_path="D:/Workspace/Power/5.Code/6-PMP-LLC/Firmware/LLC/LLC_HB/APP/Interrupt" --include_path="D:/Workspace/Power/5.Code/6-PMP-LLC/Firmware/LLC/LLC_HB/APP/Pmbus" --include_path="D:/Workspace/Power/5.Code/6-PMP-LLC/Firmware/Driver/Pmbus" --include_path="D:/Workspace/Power/5.Code/6-PMP-LLC/Firmware/LLC/LLC_HB/" --include_path="D:/APP/CCS/ccs/tools/compiler/ti-cgt-arm_5.2.9/include" -g --preproc_with_comment --preproc_with_compile --define=UCD3138A=1 --diag_warning=225 --display_error_number -k --pp_directory="D:/Workspace/Power/5.Code/6-PMP-LLC/Firmware/LLC/LLC_HB/UCD3138A" --obj_directory="APP/Defintion"  "../APP/Defintion/cyclone_global_variables_defs.c"
Finished building: "../APP/Defintion/cyclone_global_variables_defs.c"
 
Building file: "../APP/Hardware/init_dpwms.c"
Invoking: ARM Compiler
"D:/APP/CCS/ccs/tools/compiler/ti-cgt-arm_5.2.9/bin/armcl" -mv4 --code_state=16 --abi=ti_arm9_abi -O2 --include_path="D:/Workspace/Power/5.Code/6-PMP-LLC/Firmware/Device/UCD3138A/Header" --include_path="D:/Workspace/Power/5.Code/6-PMP-LLC/Firmware/LLC/LLC_HB/APP/Defintion" --include_path="D:/Workspace/Power/5.Code/6-PMP-LLC/Firmware/LLC/LLC_HB/APP/Handler_functions" --include_path="D:/Workspace/Power/5.Code/6-PMP-LLC/Firmware/LLC/LLC_HB/APP/Interrupt" --include_path="D:/Workspace/Power/5.Code/6-PMP-LLC/Firmware/LLC/LLC_HB/APP/Pmbus" --include_path="D:/Workspace/Power/5.Code/6-PMP-LLC/Firmware/Driver/Pmbus" --include_path="D:/Workspace/Power/5.Code/6-PMP-LLC/Firmware/LLC/LLC_HB/" --include_path="D:/APP/CCS/ccs/tools/compiler/ti-cgt-arm_5.2.9/include" -g --preproc_with_comment --preproc_with_compile --define=UCD3138A=1 --diag_warning=225 --display_error_number -k --pp_directory="D:/Workspace/Power/5.Code/6-PMP-LLC/Firmware/LLC/LLC_HB/UCD3138A" --obj_directory="APP/Hardware"  "../APP/Hardware/init_dpwms.c"
Finished building: "../APP/Hardware/init_dpwms.c"
 
Building file: "../APP/Hardware/init_watchdog.c"
Invoking: ARM Compiler
"D:/APP/CCS/ccs/tools/compiler/ti-cgt-arm_5.2.9/bin/armcl" -mv4 --code_state=16 --abi=ti_arm9_abi -O2 --include_path="D:/Workspace/Power/5.Code/6-PMP-LLC/Firmware/Device/UCD3138A/Header" --include_path="D:/Workspace/Power/5.Code/6-PMP-LLC/Firmware/LLC/LLC_HB/APP/Defintion" --include_path="D:/Workspace/Power/5.Code/6-PMP-LLC/Firmware/LLC/LLC_HB/APP/Handler_functions" --include_path="D:/Workspace/Power/5.Code/6-PMP-LLC/Firmware/LLC/LLC_HB/APP/Interrupt" --include_path="D:/Workspace/Power/5.Code/6-PMP-LLC/Firmware/LLC/LLC_HB/APP/Pmbus" --include_path="D:/Workspace/Power/5.Code/6-PMP-LLC/Firmware/Driver/Pmbus" --include_path="D:/Workspace/Power/5.Code/6-PMP-LLC/Firmware/LLC/LLC_HB/" --include_path="D:/APP/CCS/ccs/tools/compiler/ti-cgt-arm_5.2.9/include" -g --preproc_with_comment --preproc_with_compile --define=UCD3138A=1 --diag_warning=225 --display_error_number -k --pp_directory="D:/Workspace/Power/5.Code/6-PMP-LLC/Firmware/LLC/LLC_HB/UCD3138A" --obj_directory="APP/Hardware"  "../APP/Hardware/init_watchdog.c"
Finished building: "../APP/Hardware/init_watchdog.c"
 
Building file: "../APP/Interrupt/interrupts.c"
Invoking: ARM Compiler
"D:/APP/CCS/ccs/tools/compiler/ti-cgt-arm_5.2.9/bin/armcl" -mv4 --code_state=32 --abi=ti_arm9_abi -O2 --include_path="D:/Workspace/Power/5.Code/6-PMP-LLC/Firmware/Device/UCD3138A/Header" --include_path="D:/Workspace/Power/5.Code/6-PMP-LLC/Firmware/LLC/LLC_HB/APP/Defintion" --include_path="D:/Workspace/Power/5.Code/6-PMP-LLC/Firmware/LLC/LLC_HB/APP/Handler_functions" --include_path="D:/Workspace/Power/5.Code/6-PMP-LLC/Firmware/LLC/LLC_HB/APP/Interrupt" --include_path="D:/Workspace/Power/5.Code/6-PMP-LLC/Firmware/LLC/LLC_HB/APP/Pmbus" --include_path="D:/Workspace/Power/5.Code/6-PMP-LLC/Firmware/Driver/Pmbus" --include_path="D:/Workspace/Power/5.Code/6-PMP-LLC/Firmware/LLC/LLC_HB/" --include_path="D:/APP/CCS/ccs/tools/compiler/ti-cgt-arm_5.2.9/include" -g --preproc_with_comment --preproc_with_compile --define=UCD3138A=1 --diag_warning=225 --display_error_number -k --pp_directory="D:/Workspace/Power/5.Code/6-PMP-LLC/Firmware/LLC/LLC_HB/UCD3138A" --obj_directory="APP/Interrupt"  "../APP/Interrupt/interrupts.c"
Finished building: "../APP/Interrupt/interrupts.c"
 
Building file: "../APP/Interrupt/software_interrupt.c"
Invoking: ARM Compiler
"D:/APP/CCS/ccs/tools/compiler/ti-cgt-arm_5.2.9/bin/armcl" -mv4 --code_state=32 --abi=ti_arm9_abi -O2 --include_path="D:/Workspace/Power/5.Code/6-PMP-LLC/Firmware/Device/UCD3138A/Header" --include_path="D:/Workspace/Power/5.Code/6-PMP-LLC/Firmware/LLC/LLC_HB/APP/Defintion" --include_path="D:/Workspace/Power/5.Code/6-PMP-LLC/Firmware/LLC/LLC_HB/APP/Handler_functions" --include_path="D:/Workspace/Power/5.Code/6-PMP-LLC/Firmware/LLC/LLC_HB/APP/Interrupt" --include_path="D:/Workspace/Power/5.Code/6-PMP-LLC/Firmware/LLC/LLC_HB/APP/Pmbus" --include_path="D:/Workspace/Power/5.Code/6-PMP-LLC/Firmware/Driver/Pmbus" --include_path="D:/Workspace/Power/5.Code/6-PMP-LLC/Firmware/LLC/LLC_HB/" --include_path="D:/APP/CCS/ccs/tools/compiler/ti-cgt-arm_5.2.9/include" -g --preproc_with_comment --preproc_with_compile --define=UCD3138A=1 --diag_warning=225 --display_error_number -k --pp_directory="D:/Workspace/Power/5.Code/6-PMP-LLC/Firmware/LLC/LLC_HB/UCD3138A" --obj_directory="APP/Interrupt"  "../APP/Interrupt/software_interrupt.c"
Finished building: "../APP/Interrupt/software_interrupt.c"
 
Building file: "../APP/Interrupt/software_interrupt_wrapper.c"
Invoking: ARM Compiler
"D:/APP/CCS/ccs/tools/compiler/ti-cgt-arm_5.2.9/bin/armcl" -mv4 --code_state=32 --abi=ti_arm9_abi -O2 --include_path="D:/Workspace/Power/5.Code/6-PMP-LLC/Firmware/Device/UCD3138A/Header" --include_path="D:/Workspace/Power/5.Code/6-PMP-LLC/Firmware/LLC/LLC_HB/APP/Defintion" --include_path="D:/Workspace/Power/5.Code/6-PMP-LLC/Firmware/LLC/LLC_HB/APP/Handler_functions" --include_path="D:/Workspace/Power/5.Code/6-PMP-LLC/Firmware/LLC/LLC_HB/APP/Interrupt" --include_path="D:/Workspace/Power/5.Code/6-PMP-LLC/Firmware/LLC/LLC_HB/APP/Pmbus" --include_path="D:/Workspace/Power/5.Code/6-PMP-LLC/Firmware/Driver/Pmbus" --include_path="D:/Workspace/Power/5.Code/6-PMP-LLC/Firmware/LLC/LLC_HB/" --include_path="D:/APP/CCS/ccs/tools/compiler/ti-cgt-arm_5.2.9/include" -g --preproc_with_comment --preproc_with_compile --define=UCD3138A=1 --diag_warning=225 --display_error_number -k --pp_directory="D:/Workspace/Power/5.Code/6-PMP-LLC/Firmware/LLC/LLC_HB/UCD3138A" --obj_directory="APP/Interrupt"  "../APP/Interrupt/software_interrupt_wrapper.c"
Finished building: "../APP/Interrupt/software_interrupt_wrapper.c"
 
Building file: "../APP/Interrupt/standard_interrupt.c"
Invoking: ARM Compiler
"D:/APP/CCS/ccs/tools/compiler/ti-cgt-arm_5.2.9/bin/armcl" -mv4 --code_state=32 --abi=ti_arm9_abi -O2 --include_path="D:/Workspace/Power/5.Code/6-PMP-LLC/Firmware/Device/UCD3138A/Header" --include_path="D:/Workspace/Power/5.Code/6-PMP-LLC/Firmware/LLC/LLC_HB/APP/Defintion" --include_path="D:/Workspace/Power/5.Code/6-PMP-LLC/Firmware/LLC/LLC_HB/APP/Handler_functions" --include_path="D:/Workspace/Power/5.Code/6-PMP-LLC/Firmware/LLC/LLC_HB/APP/Interrupt" --include_path="D:/Workspace/Power/5.Code/6-PMP-LLC/Firmware/LLC/LLC_HB/APP/Pmbus" --include_path="D:/Workspace/Power/5.Code/6-PMP-LLC/Firmware/Driver/Pmbus" --include_path="D:/Workspace/Power/5.Code/6-PMP-LLC/Firmware/LLC/LLC_HB/" --include_path="D:/APP/CCS/ccs/tools/compiler/ti-cgt-arm_5.2.9/include" -g --preproc_with_comment --preproc_with_compile --define=UCD3138A=1 --diag_warning=225 --display_error_number -k --pp_directory="D:/Workspace/Power/5.Code/6-PMP-LLC/Firmware/LLC/LLC_HB/UCD3138A" --obj_directory="APP/Interrupt"  "../APP/Interrupt/standard_interrupt.c"
Finished building: "../APP/Interrupt/standard_interrupt.c"
 
Building file: "../APP/Pmbus/pmbus_topology.c"
Invoking: ARM Compiler
"D:/APP/CCS/ccs/tools/compiler/ti-cgt-arm_5.2.9/bin/armcl" -mv4 --code_state=16 --abi=ti_arm9_abi -O2 --include_path="D:/Workspace/Power/5.Code/6-PMP-LLC/Firmware/Device/UCD3138A/Header" --include_path="D:/Workspace/Power/5.Code/6-PMP-LLC/Firmware/LLC/LLC_HB/APP/Defintion" --include_path="D:/Workspace/Power/5.Code/6-PMP-LLC/Firmware/LLC/LLC_HB/APP/Handler_functions" --include_path="D:/Workspace/Power/5.Code/6-PMP-LLC/Firmware/LLC/LLC_HB/APP/Interrupt" --include_path="D:/Workspace/Power/5.Code/6-PMP-LLC/Firmware/LLC/LLC_HB/APP/Pmbus" --include_path="D:/Workspace/Power/5.Code/6-PMP-LLC/Firmware/Driver/Pmbus" --include_path="D:/Workspace/Power/5.Code/6-PMP-LLC/Firmware/LLC/LLC_HB/" --include_path="D:/APP/CCS/ccs/tools/compiler/ti-cgt-arm_5.2.9/include" -g --preproc_with_comment --preproc_with_compile --define=UCD3138A=1 --diag_warning=225 --display_error_number -k --pp_directory="D:/Workspace/Power/5.Code/6-PMP-LLC/Firmware/LLC/LLC_HB/UCD3138A" --obj_directory="APP/Pmbus"  "../APP/Pmbus/pmbus_topology.c"
Finished building: "../APP/Pmbus/pmbus_topology.c"
 
Building file: "D:/Workspace/Power/5.Code/6-PMP-LLC/Firmware/Device/UCD3138A/Source/clear_program_flash.c"
Invoking: ARM Compiler
"D:/APP/CCS/ccs/tools/compiler/ti-cgt-arm_5.2.9/bin/armcl" -mv4 --code_state=32 --abi=ti_arm9_abi -O2 --include_path="D:/Workspace/Power/5.Code/6-PMP-LLC/Firmware/Device/UCD3138A/Header" --include_path="D:/Workspace/Power/5.Code/6-PMP-LLC/Firmware/LLC/LLC_HB/APP/Defintion" --include_path="D:/Workspace/Power/5.Code/6-PMP-LLC/Firmware/LLC/LLC_HB/APP/Handler_functions" --include_path="D:/Workspace/Power/5.Code/6-PMP-LLC/Firmware/LLC/LLC_HB/APP/Interrupt" --include_path="D:/Workspace/Power/5.Code/6-PMP-LLC/Firmware/LLC/LLC_HB/APP/Pmbus" --include_path="D:/Workspace/Power/5.Code/6-PMP-LLC/Firmware/Driver/Pmbus" --include_path="D:/Workspace/Power/5.Code/6-PMP-LLC/Firmware/LLC/LLC_HB/" --include_path="D:/APP/CCS/ccs/tools/compiler/ti-cgt-arm_5.2.9/include" -g --preproc_with_comment --preproc_with_compile --define=UCD3138A=1 --diag_warning=225 --display_error_number -k --pp_directory="D:/Workspace/Power/5.Code/6-PMP-LLC/Firmware/LLC/LLC_HB/UCD3138A" --obj_directory="Device/UCD3138A/Source"  "D:/Workspace/Power/5.Code/6-PMP-LLC/Firmware/Device/UCD3138A/Source/clear_program_flash.c"
Finished building: "D:/Workspace/Power/5.Code/6-PMP-LLC/Firmware/Device/UCD3138A/Source/clear_program_flash.c"
 
Building file: "D:/Workspace/Power/5.Code/6-PMP-LLC/Firmware/Device/UCD3138A/Source/load_UCD3138A.asm"
Invoking: ARM Compiler
"D:/APP/CCS/ccs/tools/compiler/ti-cgt-arm_5.2.9/bin/armcl" -mv4 --code_state=16 --abi=ti_arm9_abi -O2 --include_path="D:/Workspace/Power/5.Code/6-PMP-LLC/Firmware/Device/UCD3138A/Header" --include_path="D:/Workspace/Power/5.Code/6-PMP-LLC/Firmware/LLC/LLC_HB/APP/Defintion" --include_path="D:/Workspace/Power/5.Code/6-PMP-LLC/Firmware/LLC/LLC_HB/APP/Handler_functions" --include_path="D:/Workspace/Power/5.Code/6-PMP-LLC/Firmware/LLC/LLC_HB/APP/Interrupt" --include_path="D:/Workspace/Power/5.Code/6-PMP-LLC/Firmware/LLC/LLC_HB/APP/Pmbus" --include_path="D:/Workspace/Power/5.Code/6-PMP-LLC/Firmware/Driver/Pmbus" --include_path="D:/Workspace/Power/5.Code/6-PMP-LLC/Firmware/LLC/LLC_HB/" --include_path="D:/APP/CCS/ccs/tools/compiler/ti-cgt-arm_5.2.9/include" -g --preproc_with_comment --preproc_with_compile --define=UCD3138A=1 --diag_warning=225 --display_error_number -k --pp_directory="D:/Workspace/Power/5.Code/6-PMP-LLC/Firmware/LLC/LLC_HB/UCD3138A" --obj_directory="Device/UCD3138A/Source"  "D:/Workspace/Power/5.Code/6-PMP-LLC/Firmware/Device/UCD3138A/Source/load_UCD3138A.asm"
Finished building: "D:/Workspace/Power/5.Code/6-PMP-LLC/Firmware/Device/UCD3138A/Source/load_UCD3138A.asm"
 
Building file: "D:/Workspace/Power/5.Code/6-PMP-LLC/Firmware/Driver/Pmbus/pmbus_command_indexes.c"
Invoking: ARM Compiler
"D:/APP/CCS/ccs/tools/compiler/ti-cgt-arm_5.2.9/bin/armcl" -mv4 --code_state=16 --abi=ti_arm9_abi -O2 --include_path="D:/Workspace/Power/5.Code/6-PMP-LLC/Firmware/Device/UCD3138A/Header" --include_path="D:/Workspace/Power/5.Code/6-PMP-LLC/Firmware/LLC/LLC_HB/APP/Defintion" --include_path="D:/Workspace/Power/5.Code/6-PMP-LLC/Firmware/LLC/LLC_HB/APP/Handler_functions" --include_path="D:/Workspace/Power/5.Code/6-PMP-LLC/Firmware/LLC/LLC_HB/APP/Interrupt" --include_path="D:/Workspace/Power/5.Code/6-PMP-LLC/Firmware/LLC/LLC_HB/APP/Pmbus" --include_path="D:/Workspace/Power/5.Code/6-PMP-LLC/Firmware/Driver/Pmbus" --include_path="D:/Workspace/Power/5.Code/6-PMP-LLC/Firmware/LLC/LLC_HB/" --include_path="D:/APP/CCS/ccs/tools/compiler/ti-cgt-arm_5.2.9/include" -g --preproc_with_comment --preproc_with_compile --define=UCD3138A=1 --diag_warning=225 --display_error_number -k --pp_directory="D:/Workspace/Power/5.Code/6-PMP-LLC/Firmware/LLC/LLC_HB/UCD3138A" --obj_directory="Driver/Pmbus"  "D:/Workspace/Power/5.Code/6-PMP-LLC/Firmware/Driver/Pmbus/pmbus_command_indexes.c"
Finished building: "D:/Workspace/Power/5.Code/6-PMP-LLC/Firmware/Driver/Pmbus/pmbus_command_indexes.c"
 
Building file: "D:/Workspace/Power/5.Code/6-PMP-LLC/Firmware/Driver/Pmbus/pmbus_common.c"
Invoking: ARM Compiler
"D:/APP/CCS/ccs/tools/compiler/ti-cgt-arm_5.2.9/bin/armcl" -mv4 --code_state=16 --abi=ti_arm9_abi -O2 --include_path="D:/Workspace/Power/5.Code/6-PMP-LLC/Firmware/Device/UCD3138A/Header" --include_path="D:/Workspace/Power/5.Code/6-PMP-LLC/Firmware/LLC/LLC_HB/APP/Defintion" --include_path="D:/Workspace/Power/5.Code/6-PMP-LLC/Firmware/LLC/LLC_HB/APP/Handler_functions" --include_path="D:/Workspace/Power/5.Code/6-PMP-LLC/Firmware/LLC/LLC_HB/APP/Interrupt" --include_path="D:/Workspace/Power/5.Code/6-PMP-LLC/Firmware/LLC/LLC_HB/APP/Pmbus" --include_path="D:/Workspace/Power/5.Code/6-PMP-LLC/Firmware/Driver/Pmbus" --include_path="D:/Workspace/Power/5.Code/6-PMP-LLC/Firmware/LLC/LLC_HB/" --include_path="D:/APP/CCS/ccs/tools/compiler/ti-cgt-arm_5.2.9/include" -g --preproc_with_comment --preproc_with_compile --define=UCD3138A=1 --diag_warning=225 --display_error_number -k --pp_directory="D:/Workspace/Power/5.Code/6-PMP-LLC/Firmware/LLC/LLC_HB/UCD3138A" --obj_directory="Driver/Pmbus"  "D:/Workspace/Power/5.Code/6-PMP-LLC/Firmware/Driver/Pmbus/pmbus_common.c"
Finished building: "D:/Workspace/Power/5.Code/6-PMP-LLC/Firmware/Driver/Pmbus/pmbus_common.c"
 
Building file: "D:/Workspace/Power/5.Code/6-PMP-LLC/Firmware/Driver/Pmbus/pmbus_driver.c"
Invoking: ARM Compiler
"D:/APP/CCS/ccs/tools/compiler/ti-cgt-arm_5.2.9/bin/armcl" -mv4 --code_state=16 --abi=ti_arm9_abi -O2 --include_path="D:/Workspace/Power/5.Code/6-PMP-LLC/Firmware/Device/UCD3138A/Header" --include_path="D:/Workspace/Power/5.Code/6-PMP-LLC/Firmware/LLC/LLC_HB/APP/Defintion" --include_path="D:/Workspace/Power/5.Code/6-PMP-LLC/Firmware/LLC/LLC_HB/APP/Handler_functions" --include_path="D:/Workspace/Power/5.Code/6-PMP-LLC/Firmware/LLC/LLC_HB/APP/Interrupt" --include_path="D:/Workspace/Power/5.Code/6-PMP-LLC/Firmware/LLC/LLC_HB/APP/Pmbus" --include_path="D:/Workspace/Power/5.Code/6-PMP-LLC/Firmware/Driver/Pmbus" --include_path="D:/Workspace/Power/5.Code/6-PMP-LLC/Firmware/LLC/LLC_HB/" --include_path="D:/APP/CCS/ccs/tools/compiler/ti-cgt-arm_5.2.9/include" -g --preproc_with_comment --preproc_with_compile --define=UCD3138A=1 --diag_warning=225 --display_error_number -k --pp_directory="D:/Workspace/Power/5.Code/6-PMP-LLC/Firmware/LLC/LLC_HB/UCD3138A" --obj_directory="Driver/Pmbus"  "D:/Workspace/Power/5.Code/6-PMP-LLC/Firmware/Driver/Pmbus/pmbus_driver.c"
Finished building: "D:/Workspace/Power/5.Code/6-PMP-LLC/Firmware/Driver/Pmbus/pmbus_driver.c"
 
Building target: "UCD3138_IBC_UCD3138A.out"
Invoking: ARM Linker
"D:/APP/CCS/ccs/tools/compiler/ti-cgt-arm_5.2.9/bin/armcl" -mv4 --code_state=16 --abi=ti_arm9_abi -O2 -g --preproc_with_comment --preproc_with_compile --define=UCD3138A=1 --diag_warning=225 --display_error_number -k --pp_directory="D:/Workspace/Power/5.Code/6-PMP-LLC/Firmware/LLC/LLC_HB/UCD3138A" -z -m"UCD3138_IBC_UCD3138A.map" --stack_size=200 --heap_size=10 -i"D:/APP/CCS/ccs/tools/compiler/ti-cgt-arm_5.2.9/lib" -i"D:/APP/CCS/ccs/tools/compiler/ti-cgt-arm_5.2.9/include" --reread_libs --define=UCD3138A=1 --display_error_number --warn_sections --xml_link_info="UCD3138_IBC_linkInfo.xml" --rom_model -o "UCD3138_IBC_UCD3138A.out" "./main.obj" "./APP/Defintion/cyclone_global_variables_defs.obj" "./APP/Hardware/init_dpwms.obj" "./APP/Hardware/init_watchdog.obj" "./APP/Interrupt/interrupts.obj" "./APP/Interrupt/software_interrupt.obj" "./APP/Interrupt/software_interrupt_wrapper.obj" "./APP/Interrupt/standard_interrupt.obj" "./APP/Pmbus/pmbus_topology.obj" "./Device/UCD3138A/Source/clear_program_flash.obj" "./Device/UCD3138A/Source/load_UCD3138A.obj" "./Driver/Pmbus/pmbus_command_indexes.obj" "./Driver/Pmbus/pmbus_common.obj" "./Driver/Pmbus/pmbus_driver.obj"  -llibc.a -l"D:/Workspace/Power/5.Code/6-PMP-LLC/Firmware/Device/UCD3138A/Linker/cyclone_A_headers.cmd" -l"D:/Workspace/Power/5.Code/6-PMP-LLC/Firmware/Device/UCD3138A/Linker/cyclone_A.cmd" 
<Linking>
Finished building target: "UCD3138_IBC_UCD3138A.out"
 
Tektronix Extended format
"D:/APP/CCS/ccs/tools/compiler/ti-cgt-arm_5.2.9/bin/armhex.exe" -x "UCD3138_IBC_UCD3138A.out" -o "UCD3138_IBC_UCD3138A.x0" -memwidth 8
Translating to Extended Tektronix format...
   "UCD3138_IBC_UCD3138A.out" .vectors ==> .vectors
   "UCD3138_IBC_UCD3138A.out" .text ==> .text
   "UCD3138_IBC_UCD3138A.out" .const ==> .const
   "UCD3138_IBC_UCD3138A.out" FixedDeviceID ==> FixedDeviceID
 

**** Build Finished ****
